<?xml version="1.0" encoding="UTF-8"?>
<testng-results ignored="0" total="1" passed="1" failed="0" skipped="0">
  <reporter-output>
  </reporter-output>
  <suite started-at="2024-09-29T15:32:12 IST" name="Default suite" finished-at="2024-09-29T15:32:31 IST" duration-ms="19939">
    <groups>
    </groups>
    <test started-at="2024-09-29T15:32:12 IST" name="Default test" finished-at="2024-09-29T15:32:31 IST" duration-ms="19939">
      <class name="problem_statement_1.Problem_Statement_1">
        <test-method signature="test()[pri:0, instance:problem_statement_1.Problem_Statement_1@6989da5e]" started-at="2024-09-29T15:32:12 IST" name="test" finished-at="2024-09-29T15:32:31 IST" duration-ms="19881" status="PASS">
          <reporter-output>
          </reporter-output>
        </test-method> <!-- test -->
      </class> <!-- problem_statement_1.Problem_Statement_1 -->
    </test> <!-- Default test -->
  </suite> <!-- Default suite -->
</testng-results>
